# JRE version: Java(TM) SE Runtime Environment (8.0_161-b12) (build 1.8.0_161-b12)
# Java VM: Java HotSpot(TM) 64-Bit Server VM (25.161-b12 mixed mode bsd-amd64 compressed oops)
Heap:
 garbage-first heap   total 524288K, used 46800K [0x00000007a0000000, 0x00000007a0101000, 0x00000007c0000000)
  region size 1024K, 2 young (2048K), 1 survivors (1024K)
 Metaspace       used 51715K, capacity 53064K, committed 53324K, reserved 1095680K
  class space    used 7036K, capacity 7395K, committed 7500K, reserved 1048576K
GC Heap History (10 events):
Event: 103480.963 GC heap before
{Heap before GC invocations=44 (full 5):
 garbage-first heap   total 524288K, used 215892K [0x00000007a0000000, 0x00000007a0101000, 0x00000007c0000000)
  region size 1024K, 169 young (173056K), 1 survivors (1024K)
 Metaspace       used 51702K, capacity 53064K, committed 53324K, reserved 1095680K
  class space    used 7034K, capacity 7395K, committed 7500K, reserved 1048576K
Event: 103481.119 GC heap after
Heap after GC invocations=45 (full 5):
 garbage-first heap   total 524288K, used 43672K [0x00000007a0000000, 0x00000007a0101000, 0x00000007c0000000)
  region size 1024K, 1 young (1024K), 1 survivors (1024K)
 Metaspace       used 51702K, capacity 53064K, committed 53324K, reserved 1095680K
  class space    used 7034K, capacity 7395K, committed 7500K, reserved 1048576K
}
Event: 112084.279 GC heap before
{Heap before GC invocations=45 (full 5):
 garbage-first heap   total 524288K, used 357016K [0x00000007a0000000, 0x00000007a0101000, 0x00000007c0000000)
  region size 1024K, 307 young (314368K), 1 survivors (1024K)
 Metaspace       used 51702K, capacity 53064K, committed 53324K, reserved 1095680K
  class space    used 7034K, capacity 7395K, committed 7500K, reserved 1048576K
Event: 112084.532 GC heap after
Heap after GC invocations=46 (full 5):
 garbage-first heap   total 524288K, used 43630K [0x00000007a0000000, 0x00000007a0101000, 0x00000007c0000000)
  region size 1024K, 1 young (1024K), 1 survivors (1024K)
 Metaspace       used 51702K, capacity 53064K, committed 53324K, reserved 1095680K
  class space    used 7034K, capacity 7395K, committed 7500K, reserved 1048576K
}
Event: 119057.487 GC heap before
{Heap before GC invocations=46 (full 5):
 garbage-first heap   total 524288K, used 302771K [0x00000007a0000000, 0x00000007a0101000, 0x00000007c0000000)
  region size 1024K, 251 young (257024K), 1 survivors (1024K)
 Metaspace       used 51713K, capacity 53064K, committed 53324K, reserved 1095680K
  class space    used 7036K, capacity 7395K, committed 7500K, reserved 1048576K
Event: 119057.934 GC heap after
Heap after GC invocations=47 (full 5):
 garbage-first heap   total 524288K, used 46799K [0x00000007a0000000, 0x00000007a0101000, 0x00000007c0000000)
  region size 1024K, 1 young (1024K), 1 survivors (1024K)
 Metaspace       used 51713K, capacity 53064K, committed 53324K, reserved 1095680K
  class space    used 7036K, capacity 7395K, committed 7500K, reserved 1048576K
}
Event: 119731.262 GC heap before
{Heap before GC invocations=47 (full 5):
 garbage-first heap   total 524288K, used 71375K [0x00000007a0000000, 0x00000007a0101000, 0x00000007c0000000)
  region size 1024K, 25 young (25600K), 1 survivors (1024K)
 Metaspace       used 51713K, capacity 53064K, committed 53324K, reserved 1095680K
  class space    used 7036K, capacity 7395K, committed 7500K, reserved 1048576K
Event: 119731.304 GC heap after
Heap after GC invocations=48 (full 5):
 garbage-first heap   total 524288K, used 46776K [0x00000007a0000000, 0x00000007a0101000, 0x00000007c0000000)
  region size 1024K, 1 young (1024K), 1 survivors (1024K)
 Metaspace       used 51713K, capacity 53064K, committed 53324K, reserved 1095680K
  class space    used 7036K, capacity 7395K, committed 7500K, reserved 1048576K
}
Event: 122321.404 GC heap before
{Heap before GC invocations=48 (full 5):
 garbage-first heap   total 524288K, used 142008K [0x00000007a0000000, 0x00000007a0101000, 0x00000007c0000000)
  region size 1024K, 94 young (96256K), 1 survivors (1024K)
 Metaspace       used 51715K, capacity 53064K, committed 53324K, reserved 1095680K
  class space    used 7036K, capacity 7395K, committed 7500K, reserved 1048576K
Event: 122321.636 GC heap after
Heap after GC invocations=49 (full 5):
 garbage-first heap   total 524288K, used 46800K [0x00000007a0000000, 0x00000007a0101000, 0x00000007c0000000)
  region size 1024K, 1 young (1024K), 1 survivors (1024K)
 Metaspace       used 51715K, capacity 53064K, committed 53324K, reserved 1095680K
  class space    used 7036K, capacity 7395K, committed 7500K, reserved 1048576K
}

